0 info it worked if it ends with ok
1 verbose cli [ '/usr/local/bin/node',
1 verbose cli   '/usr/local/bin/npm',
1 verbose cli   'install',
1 verbose cli   '-g',
1 verbose cli   'node-inspector' ]
2 info using npm@2.15.9
3 info using node@v4.5.0
4 verbose install initial load of /usr/local/lib/package.json
5 verbose readDependencies loading dependencies from /usr/local/lib/package.json
6 silly cache add args [ 'node-inspector', null ]
7 verbose cache add spec node-inspector
8 silly cache add parsed spec Result {
8 silly cache add   raw: 'node-inspector',
8 silly cache add   scope: null,
8 silly cache add   name: 'node-inspector',
8 silly cache add   rawSpec: '',
8 silly cache add   spec: 'latest',
8 silly cache add   type: 'tag' }
9 silly addNamed node-inspector@latest
10 verbose addNamed "latest" is being treated as a dist-tag for node-inspector
11 info addNameTag [ 'node-inspector', 'latest' ]
12 silly mapToRegistry name node-inspector
13 silly mapToRegistry using default registry
14 silly mapToRegistry registry http://registry.cnpmjs.org/
15 silly mapToRegistry data Result {
15 silly mapToRegistry   raw: 'node-inspector',
15 silly mapToRegistry   scope: null,
15 silly mapToRegistry   name: 'node-inspector',
15 silly mapToRegistry   rawSpec: '',
15 silly mapToRegistry   spec: 'latest',
15 silly mapToRegistry   type: 'tag' }
16 silly mapToRegistry uri http://registry.cnpmjs.org/node-inspector
17 verbose addNameTag registry:http://registry.cnpmjs.org/node-inspector not in flight; fetching
18 verbose request uri http://registry.cnpmjs.org/node-inspector
19 verbose request no auth needed
20 info attempt registry request try #1 at 11:59:05 AM
21 verbose request id eb57d681a6b74a40
22 http request GET http://registry.cnpmjs.org/node-inspector
23 http 200 http://registry.cnpmjs.org/node-inspector
24 verbose headers { server: 'nginx/1.4.6 (Ubuntu)',
24 verbose headers   date: 'Sat, 08 Oct 2016 03:59:01 GMT',
24 verbose headers   'content-type': 'application/json; charset=utf-8',
24 verbose headers   'transfer-encoding': 'chunked',
24 verbose headers   connection: 'keep-alive',
24 verbose headers   'x-current-requests': '1',
24 verbose headers   'x-readtime': '96',
24 verbose headers   'strict-transport-security': 'max-age=15768000',
24 verbose headers   'content-encoding': 'gzip' }
25 silly get cb [ 200,
25 silly get   { server: 'nginx/1.4.6 (Ubuntu)',
25 silly get     date: 'Sat, 08 Oct 2016 03:59:01 GMT',
25 silly get     'content-type': 'application/json; charset=utf-8',
25 silly get     'transfer-encoding': 'chunked',
25 silly get     connection: 'keep-alive',
25 silly get     'x-current-requests': '1',
25 silly get     'x-readtime': '96',
25 silly get     'strict-transport-security': 'max-age=15768000',
25 silly get     'content-encoding': 'gzip' } ]
26 verbose get saving node-inspector to /Users/gary/.npm/registry.cnpmjs.org/node-inspector/.cache.json
27 verbose correctMkdir /Users/gary/.npm correctMkdir not in flight; initializing
28 silly addNameTag next cb for node-inspector with tag latest
29 silly addNamed node-inspector@0.12.8
30 verbose addNamed "0.12.8" is a plain semver version for node-inspector
31 silly mapToRegistry name node-inspector
32 silly mapToRegistry using default registry
33 silly mapToRegistry registry http://registry.cnpmjs.org/
34 silly mapToRegistry data Result {
34 silly mapToRegistry   raw: 'node-inspector',
34 silly mapToRegistry   scope: null,
34 silly mapToRegistry   name: 'node-inspector',
34 silly mapToRegistry   rawSpec: '',
34 silly mapToRegistry   spec: 'latest',
34 silly mapToRegistry   type: 'tag' }
35 silly mapToRegistry uri http://registry.cnpmjs.org/node-inspector
36 verbose addRemoteTarball http://registry.cnpmjs.org/node-inspector/download/node-inspector-0.12.8.tgz not in flight; adding
37 verbose addRemoteTarball [ 'http://registry.cnpmjs.org/node-inspector/download/node-inspector-0.12.8.tgz',
37 verbose addRemoteTarball   'a59c3dc47cb08d15a2e526be3a1da7d64e5c227f' ]
38 info retry fetch attempt 1 at 11:59:07 AM
39 info attempt registry request try #1 at 11:59:07 AM
40 http fetch GET http://registry.cnpmjs.org/node-inspector/download/node-inspector-0.12.8.tgz
41 http fetch 200 http://registry.cnpmjs.org/node-inspector/download/node-inspector-0.12.8.tgz
42 silly fetchAndShaCheck shasum a59c3dc47cb08d15a2e526be3a1da7d64e5c227f
43 verbose addTmpTarball /var/folders/mm/3qkx2m5j01jfs8x_n0xh98800000gn/T/npm-18548-ca34424d/registry.cnpmjs.org/node-inspector/download/node-inspector-0.12.8.tgz not in flight; adding
44 verbose addTmpTarball already have metadata; skipping unpack for node-inspector@0.12.8
45 verbose correctMkdir /Users/gary/.npm correctMkdir not in flight; initializing
46 silly cache afterAdd node-inspector@0.12.8
47 verbose afterAdd /Users/gary/.npm/node-inspector/0.12.8/package/package.json not in flight; writing
48 verbose correctMkdir /Users/gary/.npm correctMkdir not in flight; initializing
49 verbose afterAdd /Users/gary/.npm/node-inspector/0.12.8/package/package.json written
50 silly install resolved [ { name: 'node-inspector',
50 silly install resolved     version: '0.12.8',
50 silly install resolved     description: 'Web Inspector based nodeJS debugger',
50 silly install resolved     homepage: 'http://github.com/node-inspector/node-inspector',
50 silly install resolved     author: { name: 'Danny Coates', email: 'dannycoates@gmail.com' },
50 silly install resolved     keywords: [ 'debug', 'debugger', 'inspector', 'profiler' ],
50 silly install resolved     repository:
50 silly install resolved      { type: 'git',
50 silly install resolved        url: 'git+ssh://git@github.com/node-inspector/node-inspector.git' },
50 silly install resolved     engines: { node: '>=0.8.0' },
50 silly install resolved     bin:
50 silly install resolved      { 'node-inspector': './bin/inspector.js',
50 silly install resolved        'node-debug': './bin/node-debug.js' },
50 silly install resolved     dependencies:
50 silly install resolved      { async: '~0.9',
50 silly install resolved        'biased-opener': '~0.2.2',
50 silly install resolved        debug: '^2.2.0',
50 silly install resolved        express: '^4.12.3',
50 silly install resolved        glob: '^5.0.5',
50 silly install resolved        'path-is-absolute': '^1.0.0',
50 silly install resolved        rc: '^1.0.1',
50 silly install resolved        semver: '^4.3.4',
50 silly install resolved        'serve-favicon': '^2.1.1',
50 silly install resolved        'strong-data-uri': '^1.0.0',
50 silly install resolved        'v8-debug': '~0.7.1',
50 silly install resolved        'v8-profiler': '~5.6.0',
50 silly install resolved        which: '^1.1.1',
50 silly install resolved        ws: '^1.0.1',
50 silly install resolved        yargs: '^3.9.0' },
50 silly install resolved     devDependencies:
50 silly install resolved      { promise: '^7.0.3',
50 silly install resolved        mocha: '^1.21',
50 silly install resolved        chai: '^2.1',
50 silly install resolved        jshint: '^2.4.4',
50 silly install resolved        'fs-extra': '~0.8.1' },
50 silly install resolved     preferGlobal: true,
50 silly install resolved     scripts:
50 silly install resolved      { pretest: 'jshint .',
50 silly install resolved        test: 'mocha',
50 silly install resolved        'generate-front-end': 'node --harmony tools/generate-front-end' },
50 silly install resolved     contributors:
50 silly install resolved      [ [Object],
50 silly install resolved        [Object],
50 silly install resolved        [Object],
50 silly install resolved        [Object],
50 silly install resolved        [Object],
50 silly install resolved        [Object],
50 silly install resolved        [Object],
50 silly install resolved        [Object],
50 silly install resolved        [Object],
50 silly install resolved        [Object],
50 silly install resolved        [Object],
50 silly install resolved        [Object],
50 silly install resolved        [Object],
50 silly install resolved        [Object],
50 silly install resolved        [Object],
50 silly install resolved        [Object],
50 silly install resolved        [Object],
50 silly install resolved        [Object],
50 silly install resolved        [Object],
50 silly install resolved        [Object],
50 silly install resolved        [Object],
50 silly install resolved        [Object],
50 silly install resolved        [Object],
50 silly install resolved        [Object],
50 silly install resolved        [Object],
50 silly install resolved        [Object],
50 silly install resolved        [Object],
50 silly install resolved        [Object],
50 silly install resolved        [Object],
50 silly install resolved        [Object],
50 silly install resolved        [Object] ],
50 silly install resolved     gitHead: 'c2dd1eb0129d3d27528a09a8c1d0997f9485ed3c',
50 silly install resolved     bugs: { url: 'https://github.com/node-inspector/node-inspector/issues' },
50 silly install resolved     _id: 'node-inspector@0.12.8',
50 silly install resolved     _shasum: 'a59c3dc47cb08d15a2e526be3a1da7d64e5c227f',
50 silly install resolved     _from: 'node-inspector@latest',
50 silly install resolved     _npmVersion: '2.14.12',
50 silly install resolved     _nodeVersion: '4.3.0',
50 silly install resolved     _npmUser: { name: '3y3', email: '3y3@bk.ru' },
50 silly install resolved     dist:
50 silly install resolved      { shasum: 'a59c3dc47cb08d15a2e526be3a1da7d64e5c227f',
50 silly install resolved        size: 2225366,
50 silly install resolved        noattachment: false,
50 silly install resolved        tarball: 'http://registry.cnpmjs.org/node-inspector/download/node-inspector-0.12.8.tgz' },
50 silly install resolved     maintainers: [ [Object], [Object], [Object], [Object], [Object] ],
50 silly install resolved     _npmOperationalInternal:
50 silly install resolved      { host: 'packages-12-west.internal.npmjs.com',
50 silly install resolved        tmp: 'tmp/node-inspector-0.12.8.tgz_1460144653202_0.7097845498938113' },
50 silly install resolved     directories: {},
50 silly install resolved     publish_time: 1460144656715,
50 silly install resolved     _cnpm_publish_time: 1460144656715,
50 silly install resolved     _resolved: 'http://registry.cnpmjs.org/node-inspector/download/node-inspector-0.12.8.tgz' } ]
51 info install node-inspector@0.12.8 into /usr/local/lib
52 info installOne node-inspector@0.12.8
53 verbose installOne of node-inspector to /usr/local/lib not in flight; installing
54 verbose correctMkdir /Users/gary/.npm/_locks correctMkdir not in flight; initializing
55 verbose lock using /Users/gary/.npm/_locks/node-inspector-885d0a05b8e6718d.lock for /usr/local/lib/node_modules/node-inspector
56 silly install write writing node-inspector 0.12.8 to /usr/local/lib/node_modules/node-inspector
57 verbose unbuild lib/node_modules/node-inspector
58 silly gentlyRm /usr/local/lib/node_modules/node-inspector is being purged from base /usr/local
59 verbose gentlyRm don't care about contents; nuking /usr/local/lib/node_modules/node-inspector
60 verbose tar unpack /Users/gary/.npm/node-inspector/0.12.8/package.tgz
61 verbose tar unpacking to /usr/local/lib/node_modules/node-inspector
62 silly gentlyRm /usr/local/lib/node_modules/node-inspector is being purged
63 verbose gentlyRm don't care about contents; nuking /usr/local/lib/node_modules/node-inspector
64 silly gunzTarPerm modes [ '755', '644' ]
65 error tar.unpack untar error /Users/gary/.npm/node-inspector/0.12.8/package.tgz
66 verbose unlock done using /Users/gary/.npm/_locks/node-inspector-885d0a05b8e6718d.lock for /usr/local/lib/node_modules/node-inspector
67 verbose fstream_path /usr/local/lib/node_modules/node-inspector
68 verbose fstream_type Directory
69 verbose fstream_class DirWriter
70 verbose stack Error: EACCES: permission denied, mkdir '/usr/local/lib/node_modules/node-inspector'
70 verbose stack     at Error (native)
71 verbose fstream_stack /usr/local/lib/node_modules/npm/node_modules/fstream/lib/dir-writer.js:35:25
71 verbose fstream_stack /usr/local/lib/node_modules/npm/node_modules/mkdirp/index.js:47:53
71 verbose fstream_stack FSReqWrap.oncomplete (fs.js:82:15)
72 verbose cwd /Users/gary/Desktop/Harry/Study/nodejs/2
73 error Darwin 15.0.0
74 error argv "/usr/local/bin/node" "/usr/local/bin/npm" "install" "-g" "node-inspector"
75 error node v4.5.0
76 error npm  v2.15.9
77 error path /usr/local/lib/node_modules/node-inspector
78 error code EACCES
79 error errno -13
80 error syscall mkdir
81 error Error: EACCES: permission denied, mkdir '/usr/local/lib/node_modules/node-inspector'
81 error     at Error (native)
81 error  { [Error: EACCES: permission denied, mkdir '/usr/local/lib/node_modules/node-inspector']
81 error   errno: -13,
81 error   code: 'EACCES',
81 error   syscall: 'mkdir',
81 error   path: '/usr/local/lib/node_modules/node-inspector',
81 error   fstream_type: 'Directory',
81 error   fstream_path: '/usr/local/lib/node_modules/node-inspector',
81 error   fstream_class: 'DirWriter',
81 error   fstream_stack:
81 error    [ '/usr/local/lib/node_modules/npm/node_modules/fstream/lib/dir-writer.js:35:25',
81 error      '/usr/local/lib/node_modules/npm/node_modules/mkdirp/index.js:47:53',
81 error      'FSReqWrap.oncomplete (fs.js:82:15)' ] }
82 error Please try running this command again as root/Administrator.
83 verbose exit [ -13, true ]
84 verbose unbuild lib/node_modules/node-inspector
85 silly gentlyRm /usr/local/lib/node_modules/node-inspector is being purged from base /usr/local
86 verbose gentlyRm don't care about contents; nuking /usr/local/lib/node_modules/node-inspector
